Determining if the pthread_create exist failed with the following output:
Change Dir: /home/alastair/Development/learningJoy/build/CMakeFiles/CMakeTmp

Run Build Command:"/usr/bin/make" "cmTC_07fc4/fast"
/usr/bin/make -f CMakeFiles/cmTC_07fc4.dir/build.make CMakeFiles/cmTC_07fc4.dir/build
make[1]: Entering directory '/home/alastair/Development/learningJoy/build/CMakeFiles/CMakeTmp'
Building C object CMakeFiles/cmTC_07fc4.dir/CheckSymbolExists.c.o
/usr/bin/cc     -o CMakeFiles/cmTC_07fc4.dir/CheckSymbolExists.c.o   -c /home/alastair/Development/learningJoy/build/CMakeFiles/CMakeTmp/CheckSymbolExists.c
Linking C executable cmTC_07fc4
/usr/bin/cmake -E cmake_link_script CMakeFiles/cmTC_07fc4.dir/link.txt --verbose=1
/usr/bin/cc       CMakeFiles/cmTC_07fc4.dir/CheckSymbolExists.c.o  -o cmTC_07fc4 -rdynamic 
CMakeFiles/cmTC_07fc4.dir/CheckSymbolExists.c.o: In function `main':
CheckSymbolExists.c:(.text+0x16): undefined reference to `pthread_create'
collect2: error: ld returned 1 exit status
CMakeFiles/cmTC_07fc4.dir/build.make:97: recipe for target 'cmTC_07fc4' failed
make[1]: *** [cmTC_07fc4] Error 1
make[1]: Leaving directory '/home/alastair/Development/learningJoy/build/CMakeFiles/CMakeTmp'
Makefile:126: recipe for target 'cmTC_07fc4/fast' failed
make: *** [cmTC_07fc4/fast] Error 2

File /home/alastair/Development/learningJoy/build/CMakeFiles/CMakeTmp/CheckSymbolExists.c:
/* */
#include <pthread.h>

int main(int argc, char** argv)
{
  (void)argv;
#ifndef pthread_create
  return ((int*)(&pthread_create))[argc];
#else
  (void)argc;
  return 0;
#endif
}

Determining if the function pthread_create exists in the pthreads failed with the following output:
Change Dir: /home/alastair/Development/learningJoy/build/CMakeFiles/CMakeTmp

Run Build Command:"/usr/bin/make" "cmTC_d309e/fast"
/usr/bin/make -f CMakeFiles/cmTC_d309e.dir/build.make CMakeFiles/cmTC_d309e.dir/build
make[1]: Entering directory '/home/alastair/Development/learningJoy/build/CMakeFiles/CMakeTmp'
Building C object CMakeFiles/cmTC_d309e.dir/CheckFunctionExists.c.o
/usr/bin/cc    -DCHECK_FUNCTION_EXISTS=pthread_create   -o CMakeFiles/cmTC_d309e.dir/CheckFunctionExists.c.o   -c /usr/share/cmake-3.5/Modules/CheckFunctionExists.c
Linking C executable cmTC_d309e
/usr/bin/cmake -E cmake_link_script CMakeFiles/cmTC_d309e.dir/link.txt --verbose=1
/usr/bin/cc   -DCHECK_FUNCTION_EXISTS=pthread_create    CMakeFiles/cmTC_d309e.dir/CheckFunctionExists.c.o  -o cmTC_d309e -rdynamic -lpthreads 
/usr/bin/ld: cannot find -lpthreads
collect2: error: ld returned 1 exit status
CMakeFiles/cmTC_d309e.dir/build.make:97: recipe for target 'cmTC_d309e' failed
make[1]: *** [cmTC_d309e] Error 1
make[1]: Leaving directory '/home/alastair/Development/learningJoy/build/CMakeFiles/CMakeTmp'
Makefile:126: recipe for target 'cmTC_d309e/fast' failed
make: *** [cmTC_d309e/fast] Error 2


